<?xml version="1.0" encoding="UTF-8"?>
<robot generator="Robot 4.1.3 (Python 3.9.7 on darwin)" generated="20220131 09:54:02.086" rpa="false" schemaversion="2">
<suite id="s1" name="Tests" source="/Users/renukac/Desktop/personal/APIautomation-BDD-Gherkin/tests">
<suite id="s1-s1" name="Api Tests" source="/Users/renukac/Desktop/personal/APIautomation-BDD-Gherkin/tests/api_tests.robot">
<kw name="Suite Setup" library="resources" type="SETUP">
<kw name="Create Session" library="RequestsLibrary">
<arg>petstore</arg>
<arg>${BASE_URL}</arg>
<doc>Create Session: create a HTTP session to a server</doc>
<msg timestamp="20220131 09:54:02.197" level="INFO">Creating Session using : alias=petstore, url=https://petstore.swagger.io/v2, headers={},                     cookies={}, auth=None, timeout=None, proxies=None, verify=False,                     debug=0 </msg>
<status status="PASS" starttime="20220131 09:54:02.196" endtime="20220131 09:54:02.197"/>
</kw>
<status status="PASS" starttime="20220131 09:54:02.195" endtime="20220131 09:54:02.197"/>
</kw>
<test id="s1-s1-t1" name="GET verify get all pets from store">
<kw name="WHEN get pets with &quot;available&quot; status" library="store">
<kw name="GET On Session" library="RequestsLibrary">
<var>${response}</var>
<arg>petstore</arg>
<arg>${BASE_URL}/pet/findByStatus</arg>
<arg>params=status=available</arg>
<arg>expected_status=any</arg>
<doc>Sends a GET request on a previously created HTTP Session.</doc>
<msg timestamp="20220131 09:54:02.914" level="INFO">GET Request : url=https://petstore.swagger.io/v2/pet/findByStatus?status=available 
 path_url=/v2/pet/findByStatus?status=available 
 headers={'User-Agent': 'python-requests/2.26.0', 'Accept-Encoding': 'gzip, deflate, br', 'Accept': '*/*', 'Connection': 'keep-alive'} 
 body=None 
 </msg>
<msg timestamp="20220131 09:54:02.915" level="INFO">GET Response : url=https://petstore.swagger.io/v2/pet/findByStatus?status=available 
 status=200, reason=OK 
 headers={'Date': 'Mon, 31 Jan 2022 08:54:02 GMT', 'Content-Type': 'application/json', 'Transfer-Encoding': 'chunked', 'Connection': 'keep-alive', 'Access-Control-Allow-Origin': '*', 'Access-Control-Allow-Methods': 'GET, POST, DELETE, PUT', 'Access-Control-Allow-Headers': 'Content-Type, api_key, Authorization', 'Server': 'Jetty(9.2.9.v20150224)'} 
 body=[{"id":9223372016854925155,"category":{"id":0,"name":"string"},"name":"Doggie","photoUrls":["string"],"tags":[{"id":0,"name":"string"}],"status":"available"},{"id":9223372016854925156,"category":{"id":0,"name":"string"},"name":"Doggie","photoUrls":["string"],"tags":[{"id":0,"name":"string"}],"status":"available"},{"id":9223372016854925157,"category":{"id":0,"name":"string"},"name":"doggie","photoUrls":["string"],"tags":[{"id":0,"name":"string"}],"status":"available"},{"id":9223372016854925158,"category":{"id":0,"name":"string"},"name":"Doggie","photoUrls":["string"],"tags":[{"id":0,"name":"string"}],"status":"available"},{"id":9223372016854925160,"category":{"id":0,"name":"string"},"name":"Doggie","photoUrls":["string"],"tags":[{"id":0,"name":"string"}],"status":"available"},{"id":9223372016854925161,"category":{"id":0,"name":"string"},"name":"Doggie","photoUrls":["string"],"tags":[{"id":0,"name":"string"}],"status":"available"},{"id":9223372016854925162,"category":{"id":0,"name":"string"},"name":"Doggie","photoUrls":["string"],"tags":[{"id":0,"name":"string"}],"status":"available"},{"id":9223372016854925163,"category":{"id":0,"name":"string"},"name":"Doggie","photoUrls":["string"],"tags":[{"id":0,"name":"string"}],"status":"available"},{"id":9223372016854925164,"category":{"id":0,"name":"string"},"name":"Doggie","photoUrls":["string"],"tags":[{"id":0,"name":"string"}],"status":"available"},{"id":9223372016854925165,"category":{"id":0,"name":"string"},"name":"Doggie","photoUrls":["string"],"tags":[{"id":0,"name":"string"}],"status":"available"},{"id":9223372016854925166,"category":{"id":0,"name":"string"},"name":"Doggie","photoUrls":["string"],"tags":[{"id":0,"name":"string"}],"status":"available"},{"id":9223372016854925167,"category":{"id":0,"name":"string"},"name":"Doggie","photoUrls":["string"],"tags":[{"id":0,"name":"string"}],"status":"available"},{"id":9223372016854925168,"category":{"id":0,"name":"string"},"name":"fish","photoUrls":["string"],"tags":[{"id":0,"name":"string"}],"status":"available"},{"id":9223372016854925169,"category":{"id":0,"name":"string"},"name":"Doggie","photoUrls":["string"],"tags":[{"id":0,"name":"string"}],"status":"available"},{"id":9223372016854925170,"category":{"id":0,"name":"string"},"name":"Doggie","photoUrls":["string"],"tags":[{"id":0,"name":"string"}],"status":"available"},{"id":9223372016854925171,"category":{"id":0,"name":"string"},"name":"Doggie","photoUrls":["string"],"tags":[{"id":0,"name":"string"}],"status":"available"},{"id":9223372016854925172,"category":{"id":0,"name":"string"},"name":"Doggie","photoUrls":["string"],"tags":[{"id":0,"name":"string"}],"status":"available"},{"id":9223372016854925173,"category":{"id":0,"name":"string"},"name":"Doggie","photoUrls":["string"],"tags":[{"id":0,"name":"string"}],"status":"available"},{"id":9223372016854925174,"category":{"id":0,"name":"string"},"name":"Doggie","photoUrls":["string"],"tags":[{"id":0,"name":"string"}],"status":"available"},{"id":9223372016854925176,"category":{"id":0,"name":"string"},"name":"Doggie","photoUrls":["string"],"tags":[{"id":0,"name":"string"}],"status":"available"},{"id":9223372016854925184,"category":{"id":0,"name":"string"},"name":"Doggie","photoUrls":["string"],"tags":[{"id":0,"name":"string"}],"status":"available"},{"id":9223372016854925185,"category":{"id":0,"name":"string"},"name":"Doggie","photoUrls":["string"],"tags":[{"id":0,"name":"string"}],"status":"available"},{"id":9223372016854925186,"category":{"id":0,"name":"string"},"name":"Doggie","photoUrls":["string"],"tags":[{"id":0,"name":"string"}],"status":"available"},{"id":9223372016854925187,"category":{"id":0,"name":"string"},"name":"Doggie","photoUrls":["string"],"tags":[{"id":0,"name":"string"}],"status":"available"},{"id":9223372016854925188,"category":{"id":0,"name":"string"},"name":"Doggie","photoUrls":["string"],"tags":[{"id":0,"name":"string"}],"status":"available"},{"id":9223372016854925189,"category":{"id":0,"name":"Rock"},"name":"Spider","photoUrls":["Rere"],"tags":[{"id":0,"name":"string"}],"status":"available"},{"id":9223372016854925190,"category":{"id":0,"name":"string"},"name":"Doggie","photoUrls":["string"],"tags":[{"id":0,"name":"string"}],"status":"available"},{"id":9223372016854925191,"category":{"id":0,"name":"string"},"name":"Doggie","photoUrls":["string"],"tags":[{"id":0,"name":"string"}],"status":"available"},{"id":9223372016854925192,"category":{"id":0,"name":"string"},"name":"Puff","photoUrls":["string"],"tags":[{"id":0,"name":"string"}],"status":"available"},{"id":9223372016854925193,"category":{"id":0,"name":"string"},"name":"Doggie","photoUrls":["string"],"tags":[{"id":0,"name":"string"}],"status":"available"},{"id":9223372016854925194,"category":{"id":0,"name":"string"},"name":"Doggie","photoUrls":["string"],"tags":[{"id":0,"name":"string"}],"status":"available"},{"id":9223372016854925195,"category":{"id":0,"name":"string"},"name":"doggie","photoUrls":["string"],"tags":[{"id":0,"name":"string"}],"status":"available"},{"id":9223372016854925196,"category":{"id":0,"name":"string"},"name":"doggie","photoUrls":["string"],"tags":[{"id":0,"name":"string"}],"status":"available"},{"id":9223372016854925197,"category":{"id":0,"name":"string"},"name":"doggie","photoUrls":["string"],"tags":[{"id":0,"name":"string"}],"status":"available"},{"id":9223372016854925198,"category":{"id":0,"name":"string"},"name":"doggie","photoUrls":["string"],"tags":[{"id":0,"name":"string"}],"status":"available"},{"id":9223372016854925199,"category":{"id":0,"name":"string"},"name":"Doggie","photoUrls":["string"],"tags":[{"id":0,"name":"string"}],"status":"available"},{"id":9223372016854925200,"category":{"id":0,"name":"string"},"name":"doggie","photoUrls":["string"],"tags":[{"id":0,"name":"string"}],"status":"available"},{"id":9223372016854925201,"category":{"id":0,"name":"string"},"name":"doggie","photoUrls":["string"],"tags":[{"id":0,"name":"string"}],"status":"available"},{"id":991,"category":{"id":87,"name":"category991"},"name":"Llama","photoUrls":["string"],"tags":[{"id":0,"name":"string"}],"status":"available"},{"id":9223372016854925202,"category":{"id":0,"name":"string"},"name":"doggie","photoUrls":["string"],"tags":[{"id":0,"name":"string"}],"status":"available"},{"id":9223372016854925203,"category":{"id":0,"name":"string"},"name":"doggie","photoUrls":["string"],"tags":[{"id":0,"name":"string"}],"status":"available"},{"id":9223372016854925204,"category":{"id":0,"name":"string"},"name":"fish","photoUrls":["string"],"tags":[{"id":0,"name":"string"}],"status":"available"},{"id":9223372016854925210,"category":{"id":0,"name":"string"},"name":"doggie","photoUrls":["string"],"tags":[{"id":0,"name":"string"}],"status":"available"},{"id":9223372016854925211,"category":{"id":0,"name":"string"},"name":"doggie","photoUrls":["string"],"tags":[{"id":0,"name":"string"}],"status":"available"},{"id":9223372016854925212,"category":{"id":0,"name":"string"},"name":"doggie","photoUrls":["string"],"tags":[{"id":0,"name":"string"}],"status":"available"},{"id":9223372016854925213,"category":{"id":0,"name":"string"},"name":"doggie","photoUrls":["string"],"tags":[{"id":0,"name":"string"}],"status":"available"},{"id":9223372016854925216,"category":{"id":0,"name":"string"},"name":"doggie","photoUrls":["string"],"tags":[{"id":0,"name":"string"}],"status":"available"},{"id":9223372016854925217,"category":{"id":0,"name":"string"},"name":"doggie","photoUrls":["string"],"tags":[{"id":0,"name":"string"}],"status":"available"},{"id":9223372016854925218,"category":{"id":0,"name":"string"},"name":"doggie","photoUrls":["string"],"tags":[{"id":0,"name":"string"}],"status":"available"},{"id":9223372016854925219,"category":{"id":0,"name":"string"},"name":"doggie","photoUrls":["string"],"tags":[{"id":0,"name":"string"}],"status":"available"},{"id":9223372016854925220,"category":{"id":0,"name":"string"},"name":"doggie","photoUrls":["string"],"tags":[{"id":0,"name":"string"}],"status":"available"},{"id":9223372016854925221,"category":{"id":0,"name":"string"},"name":"fish","photoUrls":["string"],"tags":[{"id":0,"name":"string"}],"status":"available"},{"id":9223372016854925222,"category":{"id":0,"name":"string"},"name":"doggie","photoUrls":["string"],"tags":[{"id":0,"name":"string"}],"status":"available"},{"id":9223372016854925223,"category":{"id":0,"name":"string"},"name":"doggie","photoUrls":["string"],"tags":[{"id":0,"name":"string"}],"status":"available"},{"id":9223372016854925224,"category":{"id":0,"name":"string"},"name":"doggie","photoUrls":["string"],"tags":[{"id":0,"name":"string"}],"status":"available"},{"id":9223372016854925225,"category":{"id":0,"name":"string"},"name":"doggie","photoUrls":["string"],"tags":[{"id":0,"name":"string"}],"status":"available"},{"id":9223372016854925226,"category":{"id":0,"name":"string"},"name":"doggie","photoUrls":["string"],"tags":[{"id":0,"name":"string"}],"status":"available"},{"id":9223372016854925227,"category":{"id":0,"name":"string"},"name":"fish","photoUrls":["string"],"tags":[{"id":0,"name":"string"}],"status":"available"},{"id":9223372016854925228,"category":{"id":0,"name":"string"},"name":"fish","photoUrls":["string"],"tags":[{"id":0,"name":"string"}],"status":"available"},{"id":9223372016854925237,"category":{"id":0,"name":"string"},"name":"fish","photoUrls":["string"],"tags":[{"id":0,"name":"string"}],"status":"available"},{"id":9223372016854925238,"category":{"id":0,"name":"string"},"name":"fish","photoUrls":["string"],"tags":[{"id":0,"name":"string"}],"status":"available"},{"id":112233,"category":{"id":30,"name":"Eq-dog"},"name":"Postman","photoUrls":["URLLink"],"tags":[{"id":10,"name":"Doberman"}],"status":"available"},{"id":9223372016854925240,"category":{"id":0,"name":"string"},"name":"doggie","photoUrls":["string"],"tags":[{"id":0,"name":"string"}],"status":"available"},{"id":9223372016854925241,"category":{"id":0,"name":"string"},"name":"doggie","photoUrls":["string"],"tags":[{"id":0,"name":"string"}],"status":"a... (set the log level to DEBUG or TRACE to see the full content) 
 </msg>
<msg timestamp="20220131 09:54:02.916" level="INFO">/Users/renukac/opt/anaconda3/lib/python3.9/site-packages/urllib3/connectionpool.py:1013: InsecureRequestWarning: Unverified HTTPS request is being made to host 'petstore.swagger.io'. Adding certificate verification is strongly advised. See: https://urllib3.readthedocs.io/en/1.26.x/advanced-usage.html#ssl-warnings
  warnings.warn(</msg>
<msg timestamp="20220131 09:54:02.916" level="INFO">${response} = &lt;Response [200]&gt;</msg>
<status status="PASS" starttime="20220131 09:54:02.199" endtime="20220131 09:54:02.916"/>
</kw>
<kw name="Set Test Variable" library="BuiltIn">
<arg>${response}</arg>
<doc>Makes a variable available everywhere within the scope of the current test.</doc>
<msg timestamp="20220131 09:54:02.918" level="INFO">${response} = &lt;Response [200]&gt;</msg>
<status status="PASS" starttime="20220131 09:54:02.917" endtime="20220131 09:54:02.918"/>
</kw>
<status status="PASS" starttime="20220131 09:54:02.198" endtime="20220131 09:54:02.918"/>
</kw>
<kw name="THEN Verify response OK status" library="store">
<kw name="Should Be Equal" library="BuiltIn">
<arg>${response.reason}</arg>
<arg>OK</arg>
<doc>Fails if the given objects are unequal.</doc>
<status status="PASS" starttime="20220131 09:54:02.919" endtime="20220131 09:54:02.921"/>
</kw>
<status status="PASS" starttime="20220131 09:54:02.919" endtime="20220131 09:54:02.921"/>
</kw>
<status status="PASS" starttime="20220131 09:54:02.197" endtime="20220131 09:54:02.922"/>
</test>
<test id="s1-s1-t2" name="POST verify a new pet added to store">
<kw name="WHEN add a new pet to the store" library="store">
<kw name="Get File" library="OperatingSystem">
<var>${data_as_string}</var>
<arg>${POST_JSON}</arg>
<doc>Returns the contents of a specified file.</doc>
<msg timestamp="20220131 09:54:02.925" level="INFO" html="true">Getting file '&lt;a href="file:///Users/renukac/Desktop/personal/APIautomation-BDD-Gherkin/requests/post_pet.json"&gt;/Users/renukac/Desktop/personal/APIautomation-BDD-Gherkin/requests/post_pet.json&lt;/a&gt;'.</msg>
<msg timestamp="20220131 09:54:02.925" level="INFO">${data_as_string} = {
  "id": 123,
  "category": {
    "id": 0,
    "name": "string"
  },
  "name": "test",
  "photoUrls": [
    "string"
  ],
  "tags": [
    {
      "id": 0,
      "name": "string"
    }
  ],
  "status"...</msg>
<status status="PASS" starttime="20220131 09:54:02.924" endtime="20220131 09:54:02.925"/>
</kw>
<kw name="Loads" library="json">
<var>${data_as_json}</var>
<arg>${data_as_string}</arg>
<doc>Deserialize ``s`` (a ``str``, ``bytes`` or ``bytearray`` instance
containing a JSON document) to a Python object.</doc>
<msg timestamp="20220131 09:54:02.926" level="INFO">${data_as_json} = {'id': 123, 'category': {'id': 0, 'name': 'string'}, 'name': 'test', 'photoUrls': ['string'], 'tags': [{'id': 0, 'name': 'string'}], 'status': 'available'}</msg>
<status status="PASS" starttime="20220131 09:54:02.926" endtime="20220131 09:54:02.926"/>
</kw>
<kw name="POST On Session" library="RequestsLibrary">
<var>${response}</var>
<arg>petstore</arg>
<arg>${BASE_URL}/pet</arg>
<arg>json=${data_as_json}</arg>
<arg>expected_status=200</arg>
<doc>Sends a POST request on a previously created HTTP Session.</doc>
<msg timestamp="20220131 09:54:03.025" level="INFO">POST Request : url=https://petstore.swagger.io/v2/pet 
 path_url=/v2/pet 
 headers={'User-Agent': 'python-requests/2.26.0', 'Accept-Encoding': 'gzip, deflate, br', 'Accept': '*/*', 'Connection': 'keep-alive', 'Content-Length': '155', 'Content-Type': 'application/json'} 
 body=b'{"id": 123, "category": {"id": 0, "name": "string"}, "name": "test", "photoUrls": ["string"], "tags": [{"id": 0, "name": "string"}], "status": "available"}' 
 </msg>
<msg timestamp="20220131 09:54:03.025" level="INFO">POST Response : url=https://petstore.swagger.io/v2/pet 
 status=200, reason=OK 
 headers={'Date': 'Mon, 31 Jan 2022 08:54:03 GMT', 'Content-Type': 'application/json', 'Transfer-Encoding': 'chunked', 'Connection': 'keep-alive', 'Access-Control-Allow-Origin': '*', 'Access-Control-Allow-Methods': 'GET, POST, DELETE, PUT', 'Access-Control-Allow-Headers': 'Content-Type, api_key, Authorization', 'Server': 'Jetty(9.2.9.v20150224)'} 
 body={"id":123,"category":{"id":0,"name":"string"},"name":"test","photoUrls":["string"],"tags":[{"id":0,"name":"string"}],"status":"available"} 
 </msg>
<msg timestamp="20220131 09:54:03.026" level="INFO">/Users/renukac/opt/anaconda3/lib/python3.9/site-packages/urllib3/connectionpool.py:1013: InsecureRequestWarning: Unverified HTTPS request is being made to host 'petstore.swagger.io'. Adding certificate verification is strongly advised. See: https://urllib3.readthedocs.io/en/1.26.x/advanced-usage.html#ssl-warnings
  warnings.warn(</msg>
<msg timestamp="20220131 09:54:03.026" level="INFO">${response} = &lt;Response [200]&gt;</msg>
<status status="PASS" starttime="20220131 09:54:02.926" endtime="20220131 09:54:03.026"/>
</kw>
<kw name="Set Test Variable" library="BuiltIn">
<arg>${response}</arg>
<doc>Makes a variable available everywhere within the scope of the current test.</doc>
<msg timestamp="20220131 09:54:03.027" level="INFO">${response} = &lt;Response [200]&gt;</msg>
<status status="PASS" starttime="20220131 09:54:03.026" endtime="20220131 09:54:03.027"/>
</kw>
<kw name="Set Test Variable" library="BuiltIn">
<arg>${data_as_json}</arg>
<doc>Makes a variable available everywhere within the scope of the current test.</doc>
<msg timestamp="20220131 09:54:03.028" level="INFO">${data_as_json} = {'id': 123, 'category': {'id': 0, 'name': 'string'}, 'name': 'test', 'photoUrls': ['string'], 'tags': [{'id': 0, 'name': 'string'}], 'status': 'available'}</msg>
<status status="PASS" starttime="20220131 09:54:03.027" endtime="20220131 09:54:03.028"/>
</kw>
<status status="PASS" starttime="20220131 09:54:02.923" endtime="20220131 09:54:03.028"/>
</kw>
<kw name="THEN Verify pet id in response" library="store">
<kw name="Get From Dictionary" library="Collections">
<var>${value1}</var>
<arg>${data_as_json}</arg>
<arg>id</arg>
<doc>Returns a value from the given ``dictionary`` based on the given ``key``.</doc>
<msg timestamp="20220131 09:54:03.030" level="INFO">${value1} = 123</msg>
<status status="PASS" starttime="20220131 09:54:03.029" endtime="20220131 09:54:03.030"/>
</kw>
<kw name="Get From Dictionary" library="Collections">
<var>${value2}</var>
<arg>${response.json()}</arg>
<arg>id</arg>
<doc>Returns a value from the given ``dictionary`` based on the given ``key``.</doc>
<msg timestamp="20220131 09:54:03.031" level="INFO">${value2} = 123</msg>
<status status="PASS" starttime="20220131 09:54:03.030" endtime="20220131 09:54:03.031"/>
</kw>
<kw name="Should Be Equal" library="BuiltIn">
<arg>${value1}</arg>
<arg>${value2}</arg>
<doc>Fails if the given objects are unequal.</doc>
<status status="PASS" starttime="20220131 09:54:03.031" endtime="20220131 09:54:03.032"/>
</kw>
<status status="PASS" starttime="20220131 09:54:03.028" endtime="20220131 09:54:03.032"/>
</kw>
<status status="PASS" starttime="20220131 09:54:02.922" endtime="20220131 09:54:03.032"/>
</test>
<test id="s1-s1-t3" name="PUT verify a pet status changed in store">
<kw name="WHEN Update pet status to sold from available" library="store">
<kw name="Get File" library="OperatingSystem">
<var>${data_as_string}</var>
<arg>${UPDATE_JSON}</arg>
<doc>Returns the contents of a specified file.</doc>
<msg timestamp="20220131 09:54:03.035" level="INFO" html="true">Getting file '&lt;a href="file:///Users/renukac/Desktop/personal/APIautomation-BDD-Gherkin/requests/update_pet.json"&gt;/Users/renukac/Desktop/personal/APIautomation-BDD-Gherkin/requests/update_pet.json&lt;/a&gt;'.</msg>
<msg timestamp="20220131 09:54:03.035" level="INFO">${data_as_string} = {
  "id": 123,
  "category": {
    "id": 0,
    "name": "string"
  },
  "name": "test",
  "photoUrls": [
    "string"
  ],
  "tags": [
    {
      "id": 0,
      "name": "string"
    }
  ],
  "status"...</msg>
<status status="PASS" starttime="20220131 09:54:03.034" endtime="20220131 09:54:03.035"/>
</kw>
<kw name="Loads" library="json">
<var>${data_as_json}</var>
<arg>${data_as_string}</arg>
<doc>Deserialize ``s`` (a ``str``, ``bytes`` or ``bytearray`` instance
containing a JSON document) to a Python object.</doc>
<msg timestamp="20220131 09:54:03.036" level="INFO">${data_as_json} = {'id': 123, 'category': {'id': 0, 'name': 'string'}, 'name': 'test', 'photoUrls': ['string'], 'tags': [{'id': 0, 'name': 'string'}], 'status': 'sold'}</msg>
<status status="PASS" starttime="20220131 09:54:03.035" endtime="20220131 09:54:03.036"/>
</kw>
<kw name="PUT On Session" library="RequestsLibrary">
<var>${response}</var>
<arg>petstore</arg>
<arg>${BASE_URL}/pet</arg>
<arg>json=${data_as_json}</arg>
<arg>expected_status=200</arg>
<doc>Sends a PUT request on a previously created HTTP Session.</doc>
<msg timestamp="20220131 09:54:03.148" level="INFO">PUT Request : url=https://petstore.swagger.io/v2/pet 
 path_url=/v2/pet 
 headers={'User-Agent': 'python-requests/2.26.0', 'Accept-Encoding': 'gzip, deflate, br', 'Accept': '*/*', 'Connection': 'keep-alive', 'Content-Length': '150', 'Content-Type': 'application/json'} 
 body=b'{"id": 123, "category": {"id": 0, "name": "string"}, "name": "test", "photoUrls": ["string"], "tags": [{"id": 0, "name": "string"}], "status": "sold"}' 
 </msg>
<msg timestamp="20220131 09:54:03.148" level="INFO">PUT Response : url=https://petstore.swagger.io/v2/pet 
 status=200, reason=OK 
 headers={'Date': 'Mon, 31 Jan 2022 08:54:03 GMT', 'Content-Type': 'application/json', 'Transfer-Encoding': 'chunked', 'Connection': 'keep-alive', 'Access-Control-Allow-Origin': '*', 'Access-Control-Allow-Methods': 'GET, POST, DELETE, PUT', 'Access-Control-Allow-Headers': 'Content-Type, api_key, Authorization', 'Server': 'Jetty(9.2.9.v20150224)'} 
 body={"id":123,"category":{"id":0,"name":"string"},"name":"test","photoUrls":["string"],"tags":[{"id":0,"name":"string"}],"status":"sold"} 
 </msg>
<msg timestamp="20220131 09:54:03.148" level="INFO">/Users/renukac/opt/anaconda3/lib/python3.9/site-packages/urllib3/connectionpool.py:1013: InsecureRequestWarning: Unverified HTTPS request is being made to host 'petstore.swagger.io'. Adding certificate verification is strongly advised. See: https://urllib3.readthedocs.io/en/1.26.x/advanced-usage.html#ssl-warnings
  warnings.warn(</msg>
<msg timestamp="20220131 09:54:03.149" level="INFO">${response} = &lt;Response [200]&gt;</msg>
<status status="PASS" starttime="20220131 09:54:03.036" endtime="20220131 09:54:03.149"/>
</kw>
<kw name="Set Test Variable" library="BuiltIn">
<arg>${response}</arg>
<doc>Makes a variable available everywhere within the scope of the current test.</doc>
<msg timestamp="20220131 09:54:03.151" level="INFO">${response} = &lt;Response [200]&gt;</msg>
<status status="PASS" starttime="20220131 09:54:03.150" endtime="20220131 09:54:03.151"/>
</kw>
<kw name="Set Test Variable" library="BuiltIn">
<arg>${data_as_json}</arg>
<doc>Makes a variable available everywhere within the scope of the current test.</doc>
<msg timestamp="20220131 09:54:03.152" level="INFO">${data_as_json} = {'id': 123, 'category': {'id': 0, 'name': 'string'}, 'name': 'test', 'photoUrls': ['string'], 'tags': [{'id': 0, 'name': 'string'}], 'status': 'sold'}</msg>
<status status="PASS" starttime="20220131 09:54:03.151" endtime="20220131 09:54:03.152"/>
</kw>
<status status="PASS" starttime="20220131 09:54:03.034" endtime="20220131 09:54:03.153"/>
</kw>
<kw name="THEN Verify pet status in response" library="store">
<kw name="Get From Dictionary" library="Collections">
<var>${value1}</var>
<arg>${data_as_json}</arg>
<arg>status</arg>
<doc>Returns a value from the given ``dictionary`` based on the given ``key``.</doc>
<msg timestamp="20220131 09:54:03.154" level="INFO">${value1} = sold</msg>
<status status="PASS" starttime="20220131 09:54:03.154" endtime="20220131 09:54:03.155"/>
</kw>
<kw name="Get From Dictionary" library="Collections">
<var>${value2}</var>
<arg>${response.json()}</arg>
<arg>status</arg>
<doc>Returns a value from the given ``dictionary`` based on the given ``key``.</doc>
<msg timestamp="20220131 09:54:03.156" level="INFO">${value2} = sold</msg>
<status status="PASS" starttime="20220131 09:54:03.155" endtime="20220131 09:54:03.156"/>
</kw>
<kw name="Should Be Equal" library="BuiltIn">
<arg>${value1}</arg>
<arg>${value2}</arg>
<doc>Fails if the given objects are unequal.</doc>
<status status="PASS" starttime="20220131 09:54:03.157" endtime="20220131 09:54:03.157"/>
</kw>
<status status="PASS" starttime="20220131 09:54:03.153" endtime="20220131 09:54:03.157"/>
</kw>
<status status="PASS" starttime="20220131 09:54:03.033" endtime="20220131 09:54:03.158"/>
</test>
<test id="s1-s1-t4" name="DELETE verify a pet deleted from store successfully">
<kw name="WHEN delete a pet by id" library="store">
<kw name="Set Variable" library="BuiltIn">
<var>${pet_id}</var>
<arg>123</arg>
<doc>Returns the given values which can then be assigned to a variables.</doc>
<msg timestamp="20220131 09:54:03.161" level="INFO">${pet_id} = 123</msg>
<status status="PASS" starttime="20220131 09:54:03.161" endtime="20220131 09:54:03.161"/>
</kw>
<kw name="DELETE On Session" library="RequestsLibrary">
<var>${response}</var>
<arg>petstore</arg>
<arg>${BASE_URL}/pet/${pet_id}</arg>
<arg>params=api_key=special-key</arg>
<arg>expected_status=200</arg>
<doc>Sends a DELETE request on a previously created HTTP Session.</doc>
<msg timestamp="20220131 09:54:03.268" level="INFO">DELETE Request : url=https://petstore.swagger.io/v2/pet/123?api_key=special-key 
 path_url=/v2/pet/123?api_key=special-key 
 headers={'User-Agent': 'python-requests/2.26.0', 'Accept-Encoding': 'gzip, deflate, br', 'Accept': '*/*', 'Connection': 'keep-alive', 'Content-Length': '0'} 
 body=None 
 </msg>
<msg timestamp="20220131 09:54:03.268" level="INFO">DELETE Response : url=https://petstore.swagger.io/v2/pet/123?api_key=special-key 
 status=200, reason=OK 
 headers={'Date': 'Mon, 31 Jan 2022 08:54:03 GMT', 'Content-Type': 'application/json', 'Transfer-Encoding': 'chunked', 'Connection': 'keep-alive', 'Access-Control-Allow-Origin': '*', 'Access-Control-Allow-Methods': 'GET, POST, DELETE, PUT', 'Access-Control-Allow-Headers': 'Content-Type, api_key, Authorization', 'Server': 'Jetty(9.2.9.v20150224)'} 
 body={"code":200,"type":"unknown","message":"123"} 
 </msg>
<msg timestamp="20220131 09:54:03.268" level="INFO">/Users/renukac/opt/anaconda3/lib/python3.9/site-packages/urllib3/connectionpool.py:1013: InsecureRequestWarning: Unverified HTTPS request is being made to host 'petstore.swagger.io'. Adding certificate verification is strongly advised. See: https://urllib3.readthedocs.io/en/1.26.x/advanced-usage.html#ssl-warnings
  warnings.warn(</msg>
<msg timestamp="20220131 09:54:03.268" level="INFO">${response} = &lt;Response [200]&gt;</msg>
<status status="PASS" starttime="20220131 09:54:03.162" endtime="20220131 09:54:03.268"/>
</kw>
<kw name="Set Test Variable" library="BuiltIn">
<arg>${response}</arg>
<doc>Makes a variable available everywhere within the scope of the current test.</doc>
<msg timestamp="20220131 09:54:03.269" level="INFO">${response} = &lt;Response [200]&gt;</msg>
<status status="PASS" starttime="20220131 09:54:03.268" endtime="20220131 09:54:03.269"/>
</kw>
<status status="PASS" starttime="20220131 09:54:03.160" endtime="20220131 09:54:03.269"/>
</kw>
<kw name="THEN Verify response OK status" library="store">
<kw name="Should Be Equal" library="BuiltIn">
<arg>${response.reason}</arg>
<arg>OK</arg>
<doc>Fails if the given objects are unequal.</doc>
<status status="PASS" starttime="20220131 09:54:03.270" endtime="20220131 09:54:03.270"/>
</kw>
<status status="PASS" starttime="20220131 09:54:03.269" endtime="20220131 09:54:03.271"/>
</kw>
<status status="PASS" starttime="20220131 09:54:03.159" endtime="20220131 09:54:03.271"/>
</test>
<status status="PASS" starttime="20220131 09:54:02.107" endtime="20220131 09:54:03.271"/>
</suite>
<status status="PASS" starttime="20220131 09:54:02.088" endtime="20220131 09:54:03.273"/>
</suite>
<statistics>
<total>
<stat pass="4" fail="0" skip="0">All Tests</stat>
</total>
<tag>
</tag>
<suite>
<stat pass="4" fail="0" skip="0" id="s1" name="Tests">Tests</stat>
<stat pass="4" fail="0" skip="0" id="s1-s1" name="Api Tests">Tests.Api Tests</stat>
</suite>
</statistics>
<errors>
</errors>
</robot>
