<?xml version="1.0" encoding="UTF-8"?>
<robot generator="Robot 4.1.3 (Python 3.9.7 on darwin)" generated="20220130 19:23:41.997" rpa="false" schemaversion="2">
<suite id="s1" name="Tests" source="/Users/renukac/Desktop/personal/APIautomation-BDD-Gherkin/tests">
<suite id="s1-s1" name="Api Tests" source="/Users/renukac/Desktop/personal/APIautomation-BDD-Gherkin/tests/api_tests.robot">
<kw name="Suite Setup" library="main" type="SETUP">
<kw name="Create Session" library="RequestsLibrary">
<arg>petstore</arg>
<arg>${BASE_URL}</arg>
<doc>Create Session: create a HTTP session to a server</doc>
<msg timestamp="20220130 19:23:42.108" level="INFO">Creating Session using : alias=petstore, url=https://petstore.swagger.io/v2, headers={},                     cookies={}, auth=None, timeout=None, proxies=None, verify=False,                     debug=0 </msg>
<status status="PASS" starttime="20220130 19:23:42.108" endtime="20220130 19:23:42.108"/>
</kw>
<status status="PASS" starttime="20220130 19:23:42.107" endtime="20220130 19:23:42.109"/>
</kw>
<test id="s1-s1-t1" name="GET verify get all pets from store">
<kw name="WHEN get pets with &quot;available&quot; status" library="store">
<kw name="GET On Session" library="RequestsLibrary">
<var>${response}</var>
<arg>petstore</arg>
<arg>${BASE_URL}/pet/findByStatus</arg>
<arg>params=status=available</arg>
<arg>expected_status=any</arg>
<doc>Sends a GET request on a previously created HTTP Session.</doc>
<msg timestamp="20220130 19:23:42.985" level="INFO">GET Request : url=https://petstore.swagger.io/v2/pet/findByStatus?status=available 
 path_url=/v2/pet/findByStatus?status=available 
 headers={'User-Agent': 'python-requests/2.26.0', 'Accept-Encoding': 'gzip, deflate, br', 'Accept': '*/*', 'Connection': 'keep-alive'} 
 body=None 
 </msg>
<msg timestamp="20220130 19:23:42.986" level="INFO">GET Response : url=https://petstore.swagger.io/v2/pet/findByStatus?status=available 
 status=200, reason=OK 
 headers={'Date': 'Sun, 30 Jan 2022 18:23:42 GMT', 'Content-Type': 'application/json', 'Transfer-Encoding': 'chunked', 'Connection': 'keep-alive', 'Access-Control-Allow-Origin': '*', 'Access-Control-Allow-Methods': 'GET, POST, DELETE, PUT', 'Access-Control-Allow-Headers': 'Content-Type, api_key, Authorization', 'Server': 'Jetty(9.2.9.v20150224)'} 
 body=[{"id":9223372000001087783,"category":{"id":0,"name":"string"},"name":"fish","photoUrls":["string"],"tags":[{"id":0,"name":"string"}],"status":"available"},{"id":9223372000001087792,"category":{"id":0,"name":"string"},"name":"doggie","photoUrls":["string"],"tags":[{"id":0,"name":"string"}],"status":"available"},{"id":9223372000001087793,"category":{"id":0,"name":"string"},"name":"doggie","photoUrls":["string"],"tags":[{"id":0,"name":"string"}],"status":"available"},{"id":9223372000001087794,"category":{"id":0,"name":"string"},"name":"doggie","photoUrls":["string"],"tags":[{"id":0,"name":"string"}],"status":"available"},{"id":9223372000001087795,"category":{"id":0,"name":"string"},"name":"doggie","photoUrls":["string"],"tags":[{"id":0,"name":"string"}],"status":"available"},{"id":9223372000001087796,"category":{"id":0,"name":"string"},"name":"doggie","photoUrls":["string"],"tags":[{"id":0,"name":"string"}],"status":"available"},{"id":9223372000001087797,"category":{"id":0,"name":"string"},"name":"doggie","photoUrls":["string"],"tags":[{"id":0,"name":"string"}],"status":"available"},{"id":9223372000001087798,"category":{"id":0,"name":"string"},"name":"doggie","photoUrls":["string"],"tags":[{"id":0,"name":"string"}],"status":"available"},{"id":9223372000001087799,"category":{"id":0,"name":"string"},"name":"fish","photoUrls":["string"],"tags":[{"id":0,"name":"string"}],"status":"available"},{"id":9223372000001087800,"category":{"id":0,"name":"string"},"name":"doggie","photoUrls":["string"],"tags":[{"id":0,"name":"string"}],"status":"available"},{"id":9223372000001087801,"category":{"id":0,"name":"string"},"name":"doggie","photoUrls":["string"],"tags":[{"id":0,"name":"string"}],"status":"available"},{"id":9223372000001087802,"category":{"id":0,"name":"string"},"name":"doggie","photoUrls":["string"],"tags":[{"id":0,"name":"string"}],"status":"available"},{"id":9223372000001087803,"category":{"id":0,"name":"string"},"name":"doggie","photoUrls":["string"],"tags":[{"id":0,"name":"string"}],"status":"available"},{"id":9223372000001087804,"category":{"id":0,"name":"string"},"name":"fish","photoUrls":["string"],"tags":[{"id":0,"name":"string"}],"status":"available"},{"id":9223372000001087805,"category":{"id":0,"name":"string"},"name":"fish","photoUrls":["string"],"tags":[{"id":0,"name":"string"}],"status":"available"},{"id":9223372000001087813,"category":{"id":0,"name":"Personal"},"name":"Dog1","photoUrls":["https://www.thesprucepets.com/cute-teacup-dog-breeds-4587847","https://www.thesprucepets.com/cute-teacup-dog-breeds-4587848"],"tags":[{"id":0,"name":"pamerian"},{"id":0,"name":"pamerian"}],"status":"available"},{"id":9223372000001087817,"category":{"id":0,"name":"string"},"name":"fish","photoUrls":["string"],"tags":[{"id":0,"name":"string"}],"status":"available"},{"id":1996,"category":{"id":1,"name":"Pets"},"name":"dogs","photoUrls":["string"],"tags":[{"id":1,"name":"Tiger"}],"status":"available"},{"id":9223372000001087825,"category":{"id":0,"name":"string"},"name":"doggie","photoUrls":["string"],"tags":[{"id":0,"name":"string"}],"status":"available"},{"id":9223372000001087826,"category":{"id":0,"name":"string"},"name":"doggie","photoUrls":["string"],"tags":[{"id":0,"name":"string"}],"status":"available"},{"id":9223372000001087827,"category":{"id":0,"name":"string"},"name":"doggie","photoUrls":["string"],"tags":[{"id":0,"name":"string"}],"status":"available"},{"id":9223372000001087828,"category":{"id":0,"name":"string"},"name":"doggie","photoUrls":["string"],"tags":[{"id":0,"name":"string"}],"status":"available"},{"id":9223372000001087829,"category":{"id":0,"name":"string"},"name":"fish","photoUrls":["string"],"tags":[{"id":0,"name":"string"}],"status":"available"},{"id":9223372000001087830,"category":{"id":0,"name":"string"},"name":"doggie","photoUrls":["string"],"tags":[{"id":0,"name":"string"}],"status":"available"},{"id":9223372000001087831,"category":{"id":0,"name":"string"},"name":"doggie","photoUrls":["string"],"tags":[{"id":0,"name":"string"}],"status":"available"},{"id":9223372000001087832,"category":{"id":0,"name":"string"},"name":"doggie","photoUrls":["string"],"tags":[{"id":0,"name":"string"}],"status":"available"},{"id":9223372000001087833,"category":{"id":0,"name":"string"},"name":"doggie","photoUrls":["string"],"tags":[{"id":0,"name":"string"}],"status":"available"},{"id":9223372000001087834,"category":{"id":0,"name":"string"},"name":"doggie","photoUrls":["string"],"tags":[{"id":0,"name":"string"}],"status":"available"},{"id":9223372000001087835,"category":{"id":0,"name":"string"},"name":"doggie","photoUrls":["string"],"tags":[{"id":0,"name":"string"}],"status":"available"},{"id":9223372000001087836,"category":{"id":0,"name":"string"},"name":"fish","photoUrls":["string"],"tags":[{"id":0,"name":"string"}],"status":"available"},{"id":9223372000001087837,"category":{"id":0,"name":"string"},"name":"fish","photoUrls":["string"],"tags":[{"id":0,"name":"string"}],"status":"available"},{"id":9223372000001087847,"category":{"id":0,"name":"string"},"name":"doggie","photoUrls":["string"],"tags":[{"id":0,"name":"string"}],"status":"available"},{"id":9223372000001087848,"category":{"id":0,"name":"string"},"name":"doggie","photoUrls":["string"],"tags":[{"id":0,"name":"string"}],"status":"available"},{"id":9223372000001087849,"category":{"id":0,"name":"string"},"name":"doggie","photoUrls":["string"],"tags":[{"id":0,"name":"string"}],"status":"available"},{"id":9223372000001087850,"category":{"id":0,"name":"string"},"name":"doggie","photoUrls":["string"],"tags":[{"id":0,"name":"string"}],"status":"available"},{"id":222,"category":{"id":222,"name":"cat"},"name":"cat","tags":[{"id":222,"name":"cat"}],"status":"available"},{"id":9223372000001087851,"category":{"id":0,"name":"string"},"name":"doggie","photoUrls":["string"],"tags":[{"id":0,"name":"string"}],"status":"available"},{"id":9223372000001087852,"category":{"id":0,"name":"string"},"name":"fish","photoUrls":["string"],"tags":[{"id":0,"name":"string"}],"status":"available"},{"id":9223372000001087853,"category":{"id":0,"name":"string"},"name":"doggie","photoUrls":["string"],"tags":[{"id":0,"name":"string"}],"status":"available"},{"id":9223372000001087854,"category":{"id":0,"name":"string"},"name":"doggie","photoUrls":["string"],"tags":[{"id":0,"name":"string"}],"status":"available"},{"id":9223372000001087855,"category":{"id":0,"name":"string"},"name":"doggie","photoUrls":["string"],"tags":[{"id":0,"name":"string"}],"status":"available"},{"id":9223372000001087861,"category":{"id":0,"name":"string"},"name":"Puff","photoUrls":["string"],"tags":[{"id":0,"name":"string"}],"status":"available"},{"id":9223372000001087862,"category":{"id":0,"name":"string"},"name":"fish","photoUrls":["string"],"tags":[{"id":0,"name":"string"}],"status":"available"},{"id":9223372000001087865,"category":{"id":0,"name":"string"},"name":"fox","photoUrls":["string"],"tags":[{"id":0,"name":"string"}],"status":"available"},{"id":9223372000001087871,"category":{"id":0,"name":"string"},"name":"fish","photoUrls":["string"],"tags":[{"id":0,"name":"string"}],"status":"available"},{"id":9223372000001087872,"category":{"id":0,"name":"string"},"name":"fish","photoUrls":["string"],"tags":[{"id":0,"name":"string"}],"status":"available"},{"id":9223372000001087874,"category":{"id":0,"name":"string"},"name":"doggie","photoUrls":["string"],"tags":[{"id":0,"name":"string"}],"status":"available"},{"id":9223372000001087878,"category":{"id":0,"name":"string"},"name":"doggie","photoUrls":["string"],"tags":[{"id":0,"name":"string"}],"status":"available"},{"id":9223372000001087879,"category":{"id":0,"name":"string"},"name":"doggie","photoUrls":["string"],"tags":[{"id":0,"name":"string"}],"status":"available"},{"id":9223372000001087880,"category":{"id":0,"name":"string"},"name":"doggie","photoUrls":["string"],"tags":[{"id":0,"name":"string"}],"status":"available"},{"id":9223372000001087881,"category":{"id":0,"name":"string"},"name":"doggie","photoUrls":["string"],"tags":[{"id":0,"name":"string"}],"status":"available"},{"id":9223372000001087882,"category":{"id":0,"name":"string"},"name":"Puff","photoUrls":["string"],"tags":[{"id":0,"name":"string"}],"status":"available"},{"id":9223372000001087883,"category":{"id":0,"name":"string"},"name":"doggie","photoUrls":["string"],"tags":[{"id":0,"name":"string"}],"status":"available"},{"id":9223372000001087884,"category":{"id":0,"name":"string"},"name":"doggie","photoUrls":["string"],"tags":[{"id":0,"name":"string"}],"status":"available"},{"id":9223372000001087885,"category":{"id":0,"name":"string"},"name":"doggie","photoUrls":["string"],"tags":[{"id":0,"name":"string"}],"status":"available"},{"id":9223372000001087886,"category":{"id":0,"name":"string"},"name":"doggie","photoUrls":["string"],"tags":[{"id":0,"name":"string"}],"status":"available"},{"id":9223372000001087887,"category":{"id":0,"name":"string"},"name":"fish","photoUrls":["string"],"tags":[{"id":0,"name":"string"}],"status":"available"},{"id":9223372000001087895,"category":{"id":0,"name":"string"},"name":"fish","photoUrls":["string"],"tags":[{"id":0,"name":"string"}],"status":"available"},{"id":9223372000001087898,"category":{"id":0,"name":"string"},"name":"doggie","photoUrls":["string"],"tags":[{"id":0,"name":"string"}],"status":"available"},{"id":9223372000001087899,"category":{"id":0,"name":"string"},"name":"doggie","photoUrls":["string"],"tags":[{"id":0,"name":"string"}],"status":"available"},{"id":9223372000001087900,"category":{"id":0,"name":"string"},"name":"doggie","photoUrls":["string"],"tags":[{"id":0,"name":"string"}],"status":"available"},{"id":9223372000001087901,"category":{"id":0,"name":"string"},"name":"fish","photoUrls":["string"],"tags":[{"id":0,"name":"string"}],"status":"available"},{"id":9223372000001087902,"category":{"id":0,"name":"string"},"name":"doggie","photoUrls":["string"],"tags":[{"id":0,"name":"string"}],"status":"available"},{"id":9223372000001087903,"category":{"id":0,"name":"string"},"... (set the log level to DEBUG or TRACE to see the full content) 
 </msg>
<msg timestamp="20220130 19:23:42.987" level="INFO">/Users/renukac/opt/anaconda3/lib/python3.9/site-packages/urllib3/connectionpool.py:1013: InsecureRequestWarning: Unverified HTTPS request is being made to host 'petstore.swagger.io'. Adding certificate verification is strongly advised. See: https://urllib3.readthedocs.io/en/1.26.x/advanced-usage.html#ssl-warnings
  warnings.warn(</msg>
<msg timestamp="20220130 19:23:42.987" level="INFO">${response} = &lt;Response [200]&gt;</msg>
<status status="PASS" starttime="20220130 19:23:42.110" endtime="20220130 19:23:42.987"/>
</kw>
<kw name="Set Test Variable" library="BuiltIn">
<arg>${response}</arg>
<doc>Makes a variable available everywhere within the scope of the current test.</doc>
<msg timestamp="20220130 19:23:42.989" level="INFO">${response} = &lt;Response [200]&gt;</msg>
<status status="PASS" starttime="20220130 19:23:42.988" endtime="20220130 19:23:42.989"/>
</kw>
<status status="PASS" starttime="20220130 19:23:42.109" endtime="20220130 19:23:42.989"/>
</kw>
<kw name="THEN Verify response OK status" library="store">
<kw name="Should Be Equal" library="BuiltIn">
<arg>${response.reason}</arg>
<arg>OK</arg>
<doc>Fails if the given objects are unequal.</doc>
<status status="PASS" starttime="20220130 19:23:42.990" endtime="20220130 19:23:42.992"/>
</kw>
<status status="PASS" starttime="20220130 19:23:42.989" endtime="20220130 19:23:42.992"/>
</kw>
<status status="PASS" starttime="20220130 19:23:42.109" endtime="20220130 19:23:42.992"/>
</test>
<test id="s1-s1-t2" name="POST verify a new pet added to store">
<kw name="WHEN add a new pet to the store" library="store">
<kw name="Get File" library="OperatingSystem">
<var>${data_as_string}</var>
<arg>${POST_JSON}</arg>
<doc>Returns the contents of a specified file.</doc>
<msg timestamp="20220130 19:23:42.995" level="INFO" html="true">Getting file '&lt;a href="file:///Users/renukac/Desktop/personal/APIautomation-BDD-Gherkin/requests/post_pet.json"&gt;/Users/renukac/Desktop/personal/APIautomation-BDD-Gherkin/requests/post_pet.json&lt;/a&gt;'.</msg>
<msg timestamp="20220130 19:23:42.995" level="INFO">${data_as_string} = {
  "id": 123,
  "category": {
    "id": 0,
    "name": "string"
  },
  "name": "test",
  "photoUrls": [
    "string"
  ],
  "tags": [
    {
      "id": 0,
      "name": "string"
    }
  ],
  "status"...</msg>
<status status="PASS" starttime="20220130 19:23:42.994" endtime="20220130 19:23:42.995"/>
</kw>
<kw name="Loads" library="json">
<var>${data_as_json}</var>
<arg>${data_as_string}</arg>
<doc>Deserialize ``s`` (a ``str``, ``bytes`` or ``bytearray`` instance
containing a JSON document) to a Python object.</doc>
<msg timestamp="20220130 19:23:42.996" level="INFO">${data_as_json} = {'id': 123, 'category': {'id': 0, 'name': 'string'}, 'name': 'test', 'photoUrls': ['string'], 'tags': [{'id': 0, 'name': 'string'}], 'status': 'available'}</msg>
<status status="PASS" starttime="20220130 19:23:42.996" endtime="20220130 19:23:42.996"/>
</kw>
<kw name="POST On Session" library="RequestsLibrary">
<var>${response}</var>
<arg>petstore</arg>
<arg>${BASE_URL}/pet</arg>
<arg>json=${data_as_json}</arg>
<arg>expected_status=any</arg>
<doc>Sends a POST request on a previously created HTTP Session.</doc>
<msg timestamp="20220130 19:23:43.096" level="INFO">POST Request : url=https://petstore.swagger.io/v2/pet 
 path_url=/v2/pet 
 headers={'User-Agent': 'python-requests/2.26.0', 'Accept-Encoding': 'gzip, deflate, br', 'Accept': '*/*', 'Connection': 'keep-alive', 'Content-Length': '155', 'Content-Type': 'application/json'} 
 body=b'{"id": 123, "category": {"id": 0, "name": "string"}, "name": "test", "photoUrls": ["string"], "tags": [{"id": 0, "name": "string"}], "status": "available"}' 
 </msg>
<msg timestamp="20220130 19:23:43.096" level="INFO">POST Response : url=https://petstore.swagger.io/v2/pet 
 status=200, reason=OK 
 headers={'Date': 'Sun, 30 Jan 2022 18:23:43 GMT', 'Content-Type': 'application/json', 'Transfer-Encoding': 'chunked', 'Connection': 'keep-alive', 'Access-Control-Allow-Origin': '*', 'Access-Control-Allow-Methods': 'GET, POST, DELETE, PUT', 'Access-Control-Allow-Headers': 'Content-Type, api_key, Authorization', 'Server': 'Jetty(9.2.9.v20150224)'} 
 body={"id":123,"category":{"id":0,"name":"string"},"name":"test","photoUrls":["string"],"tags":[{"id":0,"name":"string"}],"status":"available"} 
 </msg>
<msg timestamp="20220130 19:23:43.096" level="INFO">/Users/renukac/opt/anaconda3/lib/python3.9/site-packages/urllib3/connectionpool.py:1013: InsecureRequestWarning: Unverified HTTPS request is being made to host 'petstore.swagger.io'. Adding certificate verification is strongly advised. See: https://urllib3.readthedocs.io/en/1.26.x/advanced-usage.html#ssl-warnings
  warnings.warn(</msg>
<msg timestamp="20220130 19:23:43.097" level="INFO">${response} = &lt;Response [200]&gt;</msg>
<status status="PASS" starttime="20220130 19:23:42.996" endtime="20220130 19:23:43.097"/>
</kw>
<kw name="Set Test Variable" library="BuiltIn">
<arg>${response}</arg>
<doc>Makes a variable available everywhere within the scope of the current test.</doc>
<msg timestamp="20220130 19:23:43.098" level="INFO">${response} = &lt;Response [200]&gt;</msg>
<status status="PASS" starttime="20220130 19:23:43.097" endtime="20220130 19:23:43.098"/>
</kw>
<kw name="Set Test Variable" library="BuiltIn">
<arg>${data_as_json}</arg>
<doc>Makes a variable available everywhere within the scope of the current test.</doc>
<msg timestamp="20220130 19:23:43.099" level="INFO">${data_as_json} = {'id': 123, 'category': {'id': 0, 'name': 'string'}, 'name': 'test', 'photoUrls': ['string'], 'tags': [{'id': 0, 'name': 'string'}], 'status': 'available'}</msg>
<status status="PASS" starttime="20220130 19:23:43.098" endtime="20220130 19:23:43.099"/>
</kw>
<status status="PASS" starttime="20220130 19:23:42.994" endtime="20220130 19:23:43.100"/>
</kw>
<kw name="THEN Verify pet id in response" library="store">
<kw name="Get From Dictionary" library="Collections">
<var>${value1}</var>
<arg>${data_as_json}</arg>
<arg>id</arg>
<doc>Returns a value from the given ``dictionary`` based on the given ``key``.</doc>
<msg timestamp="20220130 19:23:43.101" level="INFO">${value1} = 123</msg>
<status status="PASS" starttime="20220130 19:23:43.101" endtime="20220130 19:23:43.101"/>
</kw>
<kw name="Get From Dictionary" library="Collections">
<var>${value2}</var>
<arg>${response.json()}</arg>
<arg>id</arg>
<doc>Returns a value from the given ``dictionary`` based on the given ``key``.</doc>
<msg timestamp="20220130 19:23:43.103" level="INFO">${value2} = 123</msg>
<status status="PASS" starttime="20220130 19:23:43.101" endtime="20220130 19:23:43.103"/>
</kw>
<kw name="Should Be Equal" library="BuiltIn">
<arg>${value1}</arg>
<arg>${value2}</arg>
<doc>Fails if the given objects are unequal.</doc>
<status status="PASS" starttime="20220130 19:23:43.103" endtime="20220130 19:23:43.104"/>
</kw>
<status status="PASS" starttime="20220130 19:23:43.100" endtime="20220130 19:23:43.104"/>
</kw>
<status status="PASS" starttime="20220130 19:23:42.993" endtime="20220130 19:23:43.104"/>
</test>
<test id="s1-s1-t3" name="PUT verify a pet status changed in store">
<kw name="WHEN Update pet status to sold from available" library="store">
<kw name="Get File" library="OperatingSystem">
<var>${data_as_string}</var>
<arg>${UPDATE_JSON}</arg>
<doc>Returns the contents of a specified file.</doc>
<msg timestamp="20220130 19:23:43.106" level="INFO" html="true">Getting file '&lt;a href="file:///Users/renukac/Desktop/personal/APIautomation-BDD-Gherkin/requests/update_pet.json"&gt;/Users/renukac/Desktop/personal/APIautomation-BDD-Gherkin/requests/update_pet.json&lt;/a&gt;'.</msg>
<msg timestamp="20220130 19:23:43.107" level="INFO">${data_as_string} = {
  "id": 123,
  "category": {
    "id": 0,
    "name": "string"
  },
  "name": "test",
  "photoUrls": [
    "string"
  ],
  "tags": [
    {
      "id": 0,
      "name": "string"
    }
  ],
  "status"...</msg>
<status status="PASS" starttime="20220130 19:23:43.106" endtime="20220130 19:23:43.107"/>
</kw>
<kw name="Loads" library="json">
<var>${data_as_json}</var>
<arg>${data_as_string}</arg>
<doc>Deserialize ``s`` (a ``str``, ``bytes`` or ``bytearray`` instance
containing a JSON document) to a Python object.</doc>
<msg timestamp="20220130 19:23:43.108" level="INFO">${data_as_json} = {'id': 123, 'category': {'id': 0, 'name': 'string'}, 'name': 'test', 'photoUrls': ['string'], 'tags': [{'id': 0, 'name': 'string'}], 'status': 'sold'}</msg>
<status status="PASS" starttime="20220130 19:23:43.107" endtime="20220130 19:23:43.108"/>
</kw>
<kw name="PUT On Session" library="RequestsLibrary">
<var>${response}</var>
<arg>petstore</arg>
<arg>${BASE_URL}/pet</arg>
<arg>json=${data_as_json}</arg>
<arg>expected_status=any</arg>
<doc>Sends a PUT request on a previously created HTTP Session.</doc>
<msg timestamp="20220130 19:23:43.225" level="INFO">PUT Request : url=https://petstore.swagger.io/v2/pet 
 path_url=/v2/pet 
 headers={'User-Agent': 'python-requests/2.26.0', 'Accept-Encoding': 'gzip, deflate, br', 'Accept': '*/*', 'Connection': 'keep-alive', 'Content-Length': '150', 'Content-Type': 'application/json'} 
 body=b'{"id": 123, "category": {"id": 0, "name": "string"}, "name": "test", "photoUrls": ["string"], "tags": [{"id": 0, "name": "string"}], "status": "sold"}' 
 </msg>
<msg timestamp="20220130 19:23:43.226" level="INFO">PUT Response : url=https://petstore.swagger.io/v2/pet 
 status=200, reason=OK 
 headers={'Date': 'Sun, 30 Jan 2022 18:23:43 GMT', 'Content-Type': 'application/json', 'Transfer-Encoding': 'chunked', 'Connection': 'keep-alive', 'Access-Control-Allow-Origin': '*', 'Access-Control-Allow-Methods': 'GET, POST, DELETE, PUT', 'Access-Control-Allow-Headers': 'Content-Type, api_key, Authorization', 'Server': 'Jetty(9.2.9.v20150224)'} 
 body={"id":123,"category":{"id":0,"name":"string"},"name":"test","photoUrls":["string"],"tags":[{"id":0,"name":"string"}],"status":"sold"} 
 </msg>
<msg timestamp="20220130 19:23:43.226" level="INFO">/Users/renukac/opt/anaconda3/lib/python3.9/site-packages/urllib3/connectionpool.py:1013: InsecureRequestWarning: Unverified HTTPS request is being made to host 'petstore.swagger.io'. Adding certificate verification is strongly advised. See: https://urllib3.readthedocs.io/en/1.26.x/advanced-usage.html#ssl-warnings
  warnings.warn(</msg>
<msg timestamp="20220130 19:23:43.226" level="INFO">${response} = &lt;Response [200]&gt;</msg>
<status status="PASS" starttime="20220130 19:23:43.108" endtime="20220130 19:23:43.226"/>
</kw>
<kw name="Set Test Variable" library="BuiltIn">
<arg>${response}</arg>
<doc>Makes a variable available everywhere within the scope of the current test.</doc>
<msg timestamp="20220130 19:23:43.228" level="INFO">${response} = &lt;Response [200]&gt;</msg>
<status status="PASS" starttime="20220130 19:23:43.227" endtime="20220130 19:23:43.228"/>
</kw>
<kw name="Set Test Variable" library="BuiltIn">
<arg>${data_as_json}</arg>
<doc>Makes a variable available everywhere within the scope of the current test.</doc>
<msg timestamp="20220130 19:23:43.229" level="INFO">${data_as_json} = {'id': 123, 'category': {'id': 0, 'name': 'string'}, 'name': 'test', 'photoUrls': ['string'], 'tags': [{'id': 0, 'name': 'string'}], 'status': 'sold'}</msg>
<status status="PASS" starttime="20220130 19:23:43.228" endtime="20220130 19:23:43.229"/>
</kw>
<status status="PASS" starttime="20220130 19:23:43.105" endtime="20220130 19:23:43.229"/>
</kw>
<kw name="THEN Verify pet status in response" library="store">
<kw name="Get From Dictionary" library="Collections">
<var>${value1}</var>
<arg>${data_as_json}</arg>
<arg>status</arg>
<doc>Returns a value from the given ``dictionary`` based on the given ``key``.</doc>
<msg timestamp="20220130 19:23:43.231" level="INFO">${value1} = sold</msg>
<status status="PASS" starttime="20220130 19:23:43.230" endtime="20220130 19:23:43.231"/>
</kw>
<kw name="Get From Dictionary" library="Collections">
<var>${value2}</var>
<arg>${response.json()}</arg>
<arg>status</arg>
<doc>Returns a value from the given ``dictionary`` based on the given ``key``.</doc>
<msg timestamp="20220130 19:23:43.233" level="INFO">${value2} = sold</msg>
<status status="PASS" starttime="20220130 19:23:43.231" endtime="20220130 19:23:43.233"/>
</kw>
<kw name="Should Be Equal" library="BuiltIn">
<arg>${value1}</arg>
<arg>${value2}</arg>
<doc>Fails if the given objects are unequal.</doc>
<status status="PASS" starttime="20220130 19:23:43.233" endtime="20220130 19:23:43.234"/>
</kw>
<status status="PASS" starttime="20220130 19:23:43.230" endtime="20220130 19:23:43.234"/>
</kw>
<status status="PASS" starttime="20220130 19:23:43.105" endtime="20220130 19:23:43.234"/>
</test>
<test id="s1-s1-t4" name="DELETE verify a pet deleted from store successfully">
<kw name="WHEN delete a pet by id" library="store">
<kw name="Set Variable" library="BuiltIn">
<var>${pet_id}</var>
<arg>123</arg>
<doc>Returns the given values which can then be assigned to a variables.</doc>
<msg timestamp="20220130 19:23:43.237" level="INFO">${pet_id} = 123</msg>
<status status="PASS" starttime="20220130 19:23:43.237" endtime="20220130 19:23:43.237"/>
</kw>
<kw name="DELETE On Session" library="RequestsLibrary">
<var>${response}</var>
<arg>petstore</arg>
<arg>${BASE_URL}/pet/${pet_id}</arg>
<arg>params=api_key=special-key</arg>
<arg>expected_status=any</arg>
<doc>Sends a DELETE request on a previously created HTTP Session.</doc>
<msg timestamp="20220130 19:23:43.375" level="INFO">DELETE Request : url=https://petstore.swagger.io/v2/pet/123?api_key=special-key 
 path_url=/v2/pet/123?api_key=special-key 
 headers={'User-Agent': 'python-requests/2.26.0', 'Accept-Encoding': 'gzip, deflate, br', 'Accept': '*/*', 'Connection': 'keep-alive', 'Content-Length': '0'} 
 body=None 
 </msg>
<msg timestamp="20220130 19:23:43.376" level="INFO">DELETE Response : url=https://petstore.swagger.io/v2/pet/123?api_key=special-key 
 status=200, reason=OK 
 headers={'Date': 'Sun, 30 Jan 2022 18:23:43 GMT', 'Content-Type': 'application/json', 'Transfer-Encoding': 'chunked', 'Connection': 'keep-alive', 'Access-Control-Allow-Origin': '*', 'Access-Control-Allow-Methods': 'GET, POST, DELETE, PUT', 'Access-Control-Allow-Headers': 'Content-Type, api_key, Authorization', 'Server': 'Jetty(9.2.9.v20150224)'} 
 body={"code":200,"type":"unknown","message":"123"} 
 </msg>
<msg timestamp="20220130 19:23:43.376" level="INFO">/Users/renukac/opt/anaconda3/lib/python3.9/site-packages/urllib3/connectionpool.py:1013: InsecureRequestWarning: Unverified HTTPS request is being made to host 'petstore.swagger.io'. Adding certificate verification is strongly advised. See: https://urllib3.readthedocs.io/en/1.26.x/advanced-usage.html#ssl-warnings
  warnings.warn(</msg>
<msg timestamp="20220130 19:23:43.376" level="INFO">${response} = &lt;Response [200]&gt;</msg>
<status status="PASS" starttime="20220130 19:23:43.237" endtime="20220130 19:23:43.376"/>
</kw>
<kw name="Set Test Variable" library="BuiltIn">
<arg>${response}</arg>
<doc>Makes a variable available everywhere within the scope of the current test.</doc>
<msg timestamp="20220130 19:23:43.377" level="INFO">${response} = &lt;Response [200]&gt;</msg>
<status status="PASS" starttime="20220130 19:23:43.376" endtime="20220130 19:23:43.377"/>
</kw>
<status status="PASS" starttime="20220130 19:23:43.236" endtime="20220130 19:23:43.377"/>
</kw>
<kw name="THEN Verify response OK status" library="store">
<kw name="Should Be Equal" library="BuiltIn">
<arg>${response.reason}</arg>
<arg>OK</arg>
<doc>Fails if the given objects are unequal.</doc>
<status status="PASS" starttime="20220130 19:23:43.378" endtime="20220130 19:23:43.378"/>
</kw>
<status status="PASS" starttime="20220130 19:23:43.377" endtime="20220130 19:23:43.378"/>
</kw>
<status status="PASS" starttime="20220130 19:23:43.235" endtime="20220130 19:23:43.379"/>
</test>
<status status="PASS" starttime="20220130 19:23:42.018" endtime="20220130 19:23:43.379"/>
</suite>
<status status="PASS" starttime="20220130 19:23:41.998" endtime="20220130 19:23:43.380"/>
</suite>
<statistics>
<total>
<stat pass="4" fail="0" skip="0">All Tests</stat>
</total>
<tag>
</tag>
<suite>
<stat pass="4" fail="0" skip="0" id="s1" name="Tests">Tests</stat>
<stat pass="4" fail="0" skip="0" id="s1-s1" name="Api Tests">Tests.Api Tests</stat>
</suite>
</statistics>
<errors>
</errors>
</robot>
